src/components/dashboard/ResearchTypes.tsx(13,94): error TS2339: Property 'technique' does not exist on type 'Research'.
src/components/dashboard/ResearchTypes.tsx(26,65): error TS2339: Property 'technique' does not exist on type 'Research'.
src/components/layout/Sidebar.tsx(155,35): error TS2339: Property 'title' does not exist on type 'Research'.
src/components/layout/Sidebar.tsx(156,27): error TS2339: Property 'technique' does not exist on type 'Research'.
src/components/research/CognitiveTaskResults/components/QuestionContainer.tsx(162,13): error TS2739: Type 'NavigationFlowData[]' is missing the following properties from type 'NavigationFlowData': metrics, heatmapAreas, clickData
src/components/research/EyeTracking/hooks/useEyeTrackingForm.ts(339,11): error TS2339: Property 'data' does not exist on type 'UseEyeTrackingDataReturn'.
src/components/research/EyeTracking/hooks/useEyeTrackingForm.ts(340,5): error TS2353: Object literal may only specify known properties, and 'type' does not exist in type 'UseEyeTrackingDataOptions'.
src/components/research/EyeTracking/hooks/useEyeTrackingFormData.ts(93,11): error TS2339: Property 'data' does not exist on type 'UseEyeTrackingDataReturn'.
src/components/research/EyeTracking/hooks/useEyeTrackingFormData.ts(94,5): error TS2353: Object literal may only specify known properties, and 'type' does not exist in type 'UseEyeTrackingDataOptions'.
src/hooks/useClients.ts(39,37): error TS2339: Property 'getAllResearch' does not exist on type '{ fetchClients: () => any; fetchClientById: (id: string) => any; createClient: (clientData: Omit<Client, "id" | "createdAt" | "updatedAt">) => any; updateClient: (id: string, clientData: Partial<...>) => any; deleteClient: (id: string) => any; }'.
src/hooks/useClients.ts(149,44): error TS2554: Expected 1-2 arguments, but got 3.
src/hooks/useEyeTrackingData.ts(33,11): error TS2339: Property 'enabled' does not exist on type 'UseEyeTrackingDataOptions'.
src/hooks/useEyeTrackingData.ts(33,27): error TS2339: Property 'type' does not exist on type 'UseEyeTrackingDataOptions'.
src/hooks/useEyeTrackingData.ts(37,35): error TS2339: Property 'getByResearchId' does not exist on type '{ create: (configData: EyeTrackingFormData) => any; update: (id: string, configData: Partial<EyeTrackingFormData>) => any; fetch: (researchId: string) => any; upload: (files: File[]) => any; }'.
src/hooks/useEyeTrackingData.ts(46,37): error TS2339: Property 'getByResearchId' does not exist on type '{ fetch: (researchId: string) => any; update: (id: string, configData: Partial<EyeTrackingFormData>) => any; }'.
src/hooks/useEyeTrackingData.ts(93,5): error TS2353: Object literal may only specify known properties, and 'data' does not exist in type 'UseEyeTrackingDataReturn'.
src/hooks/useEyeTrackingData.ts(110,43): error TS2353: Object literal may only specify known properties, and 'type' does not exist in type 'UseEyeTrackingDataOptions'.
src/hooks/useEyeTrackingData.ts(117,43): error TS2353: Object literal may only specify known properties, and 'type' does not exist in type 'UseEyeTrackingDataOptions'.
src/hooks/useEyeTrackingData.ts(129,37): error TS2339: Property 'getResults' does not exist on type '{ fetch: (researchId: string) => any; fetchData: (researchId: string) => any; }'.
src/hooks/useEyeTrackingData.ts(153,37): error TS2339: Property 'getParticipantResults' does not exist on type '{ fetch: (researchId: string) => any; fetchData: (researchId: string) => any; }'.
src/hooks/useEyeTrackingData.ts(172,35): error TS2339: Property 'type' does not exist on type 'UseEyeTrackingDataOptions'.
src/hooks/useEyeTrackingData.ts(175,26): error TS2353: Object literal may only specify known properties, and 'build' does not exist in type 'EyeTrackingData'.
src/hooks/useEyeTrackingData.ts(179,28): error TS2353: Object literal may only specify known properties, and 'recruit' does not exist in type 'EyeTrackingData'.
src/hooks/useEyeTrackingData.ts(187,9): error TS2739: Type '{}' is missing the following properties from type 'EyeTrackingData': id, researchId, createdAt, updatedAt
src/hooks/useEyeTrackingData.ts(188,25): error TS2339: Property 'build' does not exist on type 'EyeTrackingData'.
src/hooks/useEyeTrackingData.ts(189,27): error TS2339: Property 'recruit' does not exist on type 'EyeTrackingData'.
src/hooks/useEyeTrackingData.ts(200,15): error TS2339: Property 'researchId' does not exist on type 'Partial<EyeTrackingBuildConfig>'.
src/hooks/useEyeTrackingData.ts(200,36): error TS2339: Property 'researchId' does not exist on type 'Partial<EyeTrackingBuildConfig>'.
src/hooks/useEyeTrackingData.ts(204,15): error TS2339: Property 'settings' does not exist on type 'Partial<EyeTrackingBuildConfig>'.
src/hooks/useEyeTrackingData.ts(208,15): error TS2339: Property 'settings' does not exist on type 'Partial<EyeTrackingBuildConfig>'.
src/hooks/useEyeTrackingData.ts(208,43): error TS2339: Property 'settings' does not exist on type 'Partial<EyeTrackingBuildConfig>'.
src/hooks/useEyeTrackingData.ts(212,15): error TS2339: Property 'stimuli' does not exist on type 'Partial<EyeTrackingBuildConfig>'.
src/hooks/useEyeTrackingData.ts(212,48): error TS2339: Property 'stimuli' does not exist on type 'Partial<EyeTrackingBuildConfig>'.
src/hooks/useEyeTrackingData.ts(212,67): error TS2339: Property 'stimuli' does not exist on type 'Partial<EyeTrackingBuildConfig>'.
src/hooks/useEyeTrackingData.ts(229,15): error TS2339: Property 'demographics' does not exist on type 'Partial<EyeTrackingRecruitConfig>'.
src/hooks/useResearchData.ts(8,10): error TS2305: Module '"../services/research.methods"' has no exported member 'researchMethods'.
src/hooks/useResearchData.ts(8,27): error TS2305: Module '"../services/research.methods"' has no exported member 'researchDataMethods'.
src/hooks/useResearchData.ts(127,26): error TS2339: Property 'data' does not exist on type 'GroupedResponsesResponse'.
src/hooks/useResearchData.ts(127,66): error TS2339: Property 'data' does not exist on type 'GroupedResponsesResponse'.
src/hooks/useResearchData.ts(136,66): error TS2339: Property 'data' does not exist on type 'GroupedResponsesResponse'.
src/hooks/useResearchData.ts(137,53): error TS2339: Property 'data' does not exist on type 'GroupedResponsesResponse'.
src/hooks/useResearchData.ts(138,65): error TS2339: Property 'data' does not exist on type 'GroupedResponsesResponse'.
src/hooks/useResearchList.ts(8,10): error TS2305: Module '"../services/research.methods"' has no exported member 'researchMethods'.
src/hooks/useResearchList.ts(228,5): error TS2353: Object literal may only specify known properties, and 'data' does not exist in type 'ResearchListResponse'.
src/hooks/useResearchList.ts(239,53): error TS2339: Property 'trim' does not exist on type '{}'.
src/services/clients.methods.ts(5,10): error TS2614: Module '"@/config/api-alova"' has no exported member 'createAlova'. Did you mean to use 'import createAlova from "@/config/api-alova"' instead?
src/services/eye-tracking.methods.ts(5,10): error TS2614: Module '"@/config/api-alova"' has no exported member 'createAlova'. Did you mean to use 'import createAlova from "@/config/api-alova"' instead?
src/services/research.methods.ts(5,10): error TS2614: Module '"@/config/api-alova"' has no exported member 'createAlova'. Did you mean to use 'import createAlova from "@/config/api-alova"' instead?
src/types/eye-tracking.ts(23,49): error TS2552: Cannot find name 'EyeTrackingFormData'. Did you mean 'EyeTrackingData'?
src/types/eye-tracking.ts(28,59): error TS2552: Cannot find name 'EyeTrackingRecruitFormData'. Did you mean 'EyeTrackingRecruitFormDataLocal'?
src/types/eye-tracking.ts(172,18): error TS2552: Cannot find name 'EyeTrackingRecruitConfig'. Did you mean 'EyeTrackingBuildConfig'?
src/types/eye-tracking.ts(184,39): error TS2552: Cannot find name 'EyeTrackingRecruitConfig'. Did you mean 'EyeTrackingBuildConfig'?
src/types/eye-tracking.ts(198,25): error TS2304: Cannot find name 'DemographicQuestions'.
src/types/eye-tracking.ts(199,15): error TS2304: Cannot find name 'LinkConfig'.
src/types/eye-tracking.ts(200,21): error TS2304: Cannot find name 'ParticipantLimit'.
src/types/eye-tracking.ts(201,14): error TS2304: Cannot find name 'Backlinks'.
src/types/eye-tracking.ts(203,21): error TS2304: Cannot find name 'ParameterOptions'.
src/types/research.ts(26,43): error TS2304: Cannot find name 'ResearchRecord'.
src/types/research.ts(58,15): error TS2304: Cannot find name 'ResearchRecord'.
src/types/research.ts(70,12): error TS2304: Cannot find name 'ResearchStatus'.
src/types/research.ts(71,10): error TS2552: Cannot find name 'ResearchType'. Did you mean 'Research'?
src/types/research.ts(79,20): error TS2304: Cannot find name 'CreateResearchRequest'.
src/utils/client.processors.ts(12,3): error TS2739: Type '{ id: string; name: string; email: string | undefined; company: string; status: ClientStatus; createdAt: string; updatedAt: string; }' is missing the following properties from type 'Client': researchCount, lastActivity
src/utils/client.processors.ts(27,3): error TS2322: Type '{ id: string; name: string; email: string | undefined; company: string; status: ClientStatus; createdAt: string; updatedAt: string; }[]' is not assignable to type 'Client[]'.
  Type '{ id: string; name: string; email: string | undefined; company: string; status: ClientStatus; createdAt: string; updatedAt: string; }' is missing the following properties from type 'Client': researchCount, lastActivity
